
///////////////////////////////////
// Efinity Synthesis Started 
// Dec 29, 2025 13:53:28
///////////////////////////////////

[EFX-0011 VERI-WARNING] expression size 5 truncated to fit in target size 4 (VERI-1209) (C:\Users\Timothy Marchant\.efinity\project\PWM_IO_Expander\Shift_Register.v:63)
[EFX-0011 VERI-WARNING] expression size 5 truncated to fit in target size 4 (VERI-1209) (C:\Users\Timothy Marchant\.efinity\project\PWM_IO_Expander\SCLK_Counter.v:34)
[EFX-0011 VERI-WARNING] expression size 32 truncated to fit in target size 1 (VERI-1209) (C:\Users\Timothy Marchant\.efinity\project\PWM_IO_Expander\AddressableRegister.v:37)
[EFX-0011 VERI-WARNING] expression size 17 truncated to fit in target size 16 (VERI-1209) (C:\Users\Timothy Marchant\.efinity\project\PWM_IO_Expander\Timer.v:26)
[EFX-0011 VERI-WARNING] expression size 17 truncated to fit in target size 16 (VERI-1209) (C:\Users\Timothy Marchant\.efinity\project\PWM_IO_Expander\Timer.v:33)
[EFX-0011 VERI-WARNING] input port 'TXDataLine[7]' remains unconnected for this instance (VDB-1053) (C:\Users\Timothy Marchant\.efinity\project\PWM_IO_Expander\Main.v:32)
[EFX-0256 WARNING] The primary output port 'MISO' wire 'MISO' is not driven.
[EFX-0256 WARNING] The primary output port 'MISO' wire 'MISO' is not driven.
[EFX-0200 WARNING] Removing redundant signal : i[3]. (C:\Users\Timothy Marchant\.efinity\project\PWM_IO_Expander\Shift_Register.v:10)
[EFX-0200 WARNING] Removing redundant signal : i[2]. (C:\Users\Timothy Marchant\.efinity\project\PWM_IO_Expander\Shift_Register.v:10)
[EFX-0200 WARNING] Removing redundant signal : i[1]. (C:\Users\Timothy Marchant\.efinity\project\PWM_IO_Expander\Shift_Register.v:10)
[EFX-0200 WARNING] Removing redundant signal : i[0]. (C:\Users\Timothy Marchant\.efinity\project\PWM_IO_Expander\Shift_Register.v:10)
[EFX-0200 WARNING] Removing redundant signal : i[3]. (C:\Users\Timothy Marchant\.efinity\project\PWM_IO_Expander\Shift_Register.v:42)
[EFX-0200 WARNING] Removing redundant signal : i[2]. (C:\Users\Timothy Marchant\.efinity\project\PWM_IO_Expander\Shift_Register.v:42)
[EFX-0200 WARNING] Removing redundant signal : i[1]. (C:\Users\Timothy Marchant\.efinity\project\PWM_IO_Expander\Shift_Register.v:42)
[EFX-0200 WARNING] Removing redundant signal : i[0]. (C:\Users\Timothy Marchant\.efinity\project\PWM_IO_Expander\Shift_Register.v:42)
[EFX-0201 WARNING] Re-wiring to GND non-driven net 'spislave.TXDataLine[7]'. (C:\Users\Timothy Marchant\.efinity\project\PWM_IO_Expander\Main.v:32)
[EFX-0201 WARNING] Re-wiring to GND non-driven net 'spislave.TXDataLine[6]'. (C:\Users\Timothy Marchant\.efinity\project\PWM_IO_Expander\Main.v:32)
[EFX-0201 WARNING] Re-wiring to GND non-driven net 'spislave.TXDataLine[5]'. (C:\Users\Timothy Marchant\.efinity\project\PWM_IO_Expander\Main.v:32)
[EFX-0201 WARNING] Re-wiring to GND non-driven net 'spislave.TXDataLine[4]'. (C:\Users\Timothy Marchant\.efinity\project\PWM_IO_Expander\Main.v:32)
[EFX-0201 WARNING] Re-wiring to GND non-driven net 'spislave.TXDataLine[3]'. (C:\Users\Timothy Marchant\.efinity\project\PWM_IO_Expander\Main.v:32)
[EFX-0201 WARNING] Re-wiring to GND non-driven net 'spislave.TXDataLine[2]'. (C:\Users\Timothy Marchant\.efinity\project\PWM_IO_Expander\Main.v:32)
[EFX-0201 WARNING] Re-wiring to GND non-driven net 'spislave.TXDataLine[1]'. (C:\Users\Timothy Marchant\.efinity\project\PWM_IO_Expander\Main.v:32)
[EFX-0201 WARNING] Re-wiring to GND non-driven net 'spislave.TXDataLine[0]'. (C:\Users\Timothy Marchant\.efinity\project\PWM_IO_Expander\Main.v:32)
[EFX-0200 WARNING] Removing redundant signal : PWMOutputs[3]. (C:\Users\Timothy Marchant\.efinity\project\PWM_IO_Expander\Main.v:3)
[EFX-0200 WARNING] Removing redundant signal : PWMOutputs[2]. (C:\Users\Timothy Marchant\.efinity\project\PWM_IO_Expander\Main.v:3)
[EFX-0200 WARNING] Removing redundant signal : PWMOutputs[1]. (C:\Users\Timothy Marchant\.efinity\project\PWM_IO_Expander\Main.v:3)
[EFX-0201 WARNING] Re-wiring to GND non-driven net 'MISO'. (C:\Users\Timothy Marchant\.efinity\project\PWM_IO_Expander\PWM_IO_Expander.v:10)
[EFX-0201 WARNING] Re-wiring to GND non-driven net 'PWMOutputs[3]'. (C:\Users\Timothy Marchant\.efinity\project\PWM_IO_Expander\PWM_IO_Expander.v:14)

///////////////////////////////////
// Efinity Synthesis Started 
// Dec 29, 2025 13:55:41
///////////////////////////////////

[EFX-0011 VERI-WARNING] expression size 5 truncated to fit in target size 4 (VERI-1209) (C:\Users\Timothy Marchant\.efinity\project\PWM_IO_Expander\Shift_Register.v:63)
[EFX-0011 VERI-WARNING] expression size 5 truncated to fit in target size 4 (VERI-1209) (C:\Users\Timothy Marchant\.efinity\project\PWM_IO_Expander\SCLK_Counter.v:34)
[EFX-0011 VERI-WARNING] expression size 32 truncated to fit in target size 1 (VERI-1209) (C:\Users\Timothy Marchant\.efinity\project\PWM_IO_Expander\AddressableRegister.v:37)
[EFX-0011 VERI-WARNING] expression size 17 truncated to fit in target size 16 (VERI-1209) (C:\Users\Timothy Marchant\.efinity\project\PWM_IO_Expander\Timer.v:26)
[EFX-0011 VERI-WARNING] expression size 17 truncated to fit in target size 16 (VERI-1209) (C:\Users\Timothy Marchant\.efinity\project\PWM_IO_Expander\Timer.v:33)
[EFX-0011 VERI-WARNING] input port 'TXDataLine[7]' remains unconnected for this instance (VDB-1053) (C:\Users\Timothy Marchant\.efinity\project\PWM_IO_Expander\Main.v:32)
[EFX-0256 WARNING] The primary output port 'MISO' wire 'MISO' is not driven.
[EFX-0200 WARNING] Removing redundant signal : i[3]. (C:\Users\Timothy Marchant\.efinity\project\PWM_IO_Expander\Shift_Register.v:10)
[EFX-0200 WARNING] Removing redundant signal : i[2]. (C:\Users\Timothy Marchant\.efinity\project\PWM_IO_Expander\Shift_Register.v:10)
[EFX-0200 WARNING] Removing redundant signal : i[1]. (C:\Users\Timothy Marchant\.efinity\project\PWM_IO_Expander\Shift_Register.v:10)
[EFX-0200 WARNING] Removing redundant signal : i[0]. (C:\Users\Timothy Marchant\.efinity\project\PWM_IO_Expander\Shift_Register.v:10)
[EFX-0200 WARNING] Removing redundant signal : i[3]. (C:\Users\Timothy Marchant\.efinity\project\PWM_IO_Expander\Shift_Register.v:42)
[EFX-0200 WARNING] Removing redundant signal : i[2]. (C:\Users\Timothy Marchant\.efinity\project\PWM_IO_Expander\Shift_Register.v:42)
[EFX-0200 WARNING] Removing redundant signal : i[1]. (C:\Users\Timothy Marchant\.efinity\project\PWM_IO_Expander\Shift_Register.v:42)
[EFX-0200 WARNING] Removing redundant signal : i[0]. (C:\Users\Timothy Marchant\.efinity\project\PWM_IO_Expander\Shift_Register.v:42)
[EFX-0201 WARNING] Re-wiring to GND non-driven net 'spislave.TXDataLine[7]'. (C:\Users\Timothy Marchant\.efinity\project\PWM_IO_Expander\Main.v:32)
[EFX-0201 WARNING] Re-wiring to GND non-driven net 'spislave.TXDataLine[6]'. (C:\Users\Timothy Marchant\.efinity\project\PWM_IO_Expander\Main.v:32)
[EFX-0201 WARNING] Re-wiring to GND non-driven net 'spislave.TXDataLine[5]'. (C:\Users\Timothy Marchant\.efinity\project\PWM_IO_Expander\Main.v:32)
[EFX-0201 WARNING] Re-wiring to GND non-driven net 'spislave.TXDataLine[4]'. (C:\Users\Timothy Marchant\.efinity\project\PWM_IO_Expander\Main.v:32)
[EFX-0201 WARNING] Re-wiring to GND non-driven net 'spislave.TXDataLine[3]'. (C:\Users\Timothy Marchant\.efinity\project\PWM_IO_Expander\Main.v:32)
[EFX-0201 WARNING] Re-wiring to GND non-driven net 'spislave.TXDataLine[2]'. (C:\Users\Timothy Marchant\.efinity\project\PWM_IO_Expander\Main.v:32)
[EFX-0201 WARNING] Re-wiring to GND non-driven net 'spislave.TXDataLine[1]'. (C:\Users\Timothy Marchant\.efinity\project\PWM_IO_Expander\Main.v:32)
[EFX-0201 WARNING] Re-wiring to GND non-driven net 'spislave.TXDataLine[0]'. (C:\Users\Timothy Marchant\.efinity\project\PWM_IO_Expander\Main.v:32)
[EFX-0200 WARNING] Removing redundant signal : PWMOutputs[3]. (C:\Users\Timothy Marchant\.efinity\project\PWM_IO_Expander\Main.v:3)
[EFX-0200 WARNING] Removing redundant signal : PWMOutputs[2]. (C:\Users\Timothy Marchant\.efinity\project\PWM_IO_Expander\Main.v:3)
[EFX-0200 WARNING] Removing redundant signal : PWMOutputs[1]. (C:\Users\Timothy Marchant\.efinity\project\PWM_IO_Expander\Main.v:3)
[EFX-0201 WARNING] Re-wiring to GND non-driven net 'MISO'. (C:\Users\Timothy Marchant\.efinity\project\PWM_IO_Expander\PWM_IO_Expander.v:10)
[EFX-0201 WARNING] Re-wiring to GND non-driven net 'PWMOutputs[3]'. (C:\Users\Timothy Marchant\.efinity\project\PWM_IO_Expander\PWM_IO_Expander.v:14)

///////////////////////////////////
// Efinity Synthesis Started 
// Dec 29, 2025 14:03:16
///////////////////////////////////


///////////////////////////////////
// Efinity Synthesis Started 
// Dec 29, 2025 14:03:46
///////////////////////////////////

[EFX-0011 VERI-WARNING] expression size 5 truncated to fit in target size 4 (VERI-1209) (C:\Users\Timothy Marchant\.efinity\project\PWM_IO_Expander\Shift_Register.v:63)
[EFX-0011 VERI-WARNING] expression size 5 truncated to fit in target size 4 (VERI-1209) (C:\Users\Timothy Marchant\.efinity\project\PWM_IO_Expander\SCLK_Counter.v:34)
[EFX-0011 VERI-WARNING] expression size 32 truncated to fit in target size 1 (VERI-1209) (C:\Users\Timothy Marchant\.efinity\project\PWM_IO_Expander\AddressableRegister.v:37)
[EFX-0011 VERI-WARNING] expression size 17 truncated to fit in target size 16 (VERI-1209) (C:\Users\Timothy Marchant\.efinity\project\PWM_IO_Expander\Timer.v:26)
[EFX-0011 VERI-WARNING] expression size 17 truncated to fit in target size 16 (VERI-1209) (C:\Users\Timothy Marchant\.efinity\project\PWM_IO_Expander\Timer.v:33)
[EFX-0011 VERI-WARNING] input port 'TXDataLine[7]' remains unconnected for this instance (VDB-1053) (C:\Users\Timothy Marchant\.efinity\project\PWM_IO_Expander\Main.v:32)
[EFX-0256 WARNING] The primary output port 'MISO' wire 'MISO' is not driven.
[EFX-0200 WARNING] Removing redundant signal : i[3]. (C:\Users\Timothy Marchant\.efinity\project\PWM_IO_Expander\Shift_Register.v:10)
[EFX-0200 WARNING] Removing redundant signal : i[2]. (C:\Users\Timothy Marchant\.efinity\project\PWM_IO_Expander\Shift_Register.v:10)
[EFX-0200 WARNING] Removing redundant signal : i[1]. (C:\Users\Timothy Marchant\.efinity\project\PWM_IO_Expander\Shift_Register.v:10)
[EFX-0200 WARNING] Removing redundant signal : i[0]. (C:\Users\Timothy Marchant\.efinity\project\PWM_IO_Expander\Shift_Register.v:10)
[EFX-0200 WARNING] Removing redundant signal : i[3]. (C:\Users\Timothy Marchant\.efinity\project\PWM_IO_Expander\Shift_Register.v:42)
[EFX-0200 WARNING] Removing redundant signal : i[2]. (C:\Users\Timothy Marchant\.efinity\project\PWM_IO_Expander\Shift_Register.v:42)
[EFX-0200 WARNING] Removing redundant signal : i[1]. (C:\Users\Timothy Marchant\.efinity\project\PWM_IO_Expander\Shift_Register.v:42)
[EFX-0200 WARNING] Removing redundant signal : i[0]. (C:\Users\Timothy Marchant\.efinity\project\PWM_IO_Expander\Shift_Register.v:42)
[EFX-0201 WARNING] Re-wiring to GND non-driven net 'spislave.TXDataLine[7]'. (C:\Users\Timothy Marchant\.efinity\project\PWM_IO_Expander\Main.v:32)
[EFX-0201 WARNING] Re-wiring to GND non-driven net 'spislave.TXDataLine[6]'. (C:\Users\Timothy Marchant\.efinity\project\PWM_IO_Expander\Main.v:32)
[EFX-0201 WARNING] Re-wiring to GND non-driven net 'spislave.TXDataLine[5]'. (C:\Users\Timothy Marchant\.efinity\project\PWM_IO_Expander\Main.v:32)
[EFX-0201 WARNING] Re-wiring to GND non-driven net 'spislave.TXDataLine[4]'. (C:\Users\Timothy Marchant\.efinity\project\PWM_IO_Expander\Main.v:32)
[EFX-0201 WARNING] Re-wiring to GND non-driven net 'spislave.TXDataLine[3]'. (C:\Users\Timothy Marchant\.efinity\project\PWM_IO_Expander\Main.v:32)
[EFX-0201 WARNING] Re-wiring to GND non-driven net 'spislave.TXDataLine[2]'. (C:\Users\Timothy Marchant\.efinity\project\PWM_IO_Expander\Main.v:32)
[EFX-0201 WARNING] Re-wiring to GND non-driven net 'spislave.TXDataLine[1]'. (C:\Users\Timothy Marchant\.efinity\project\PWM_IO_Expander\Main.v:32)
[EFX-0201 WARNING] Re-wiring to GND non-driven net 'spislave.TXDataLine[0]'. (C:\Users\Timothy Marchant\.efinity\project\PWM_IO_Expander\Main.v:32)
[EFX-0201 WARNING] Re-wiring to GND non-driven net 'MISO'. (C:\Users\Timothy Marchant\.efinity\project\PWM_IO_Expander\PWM_IO_Expander.v:10)

///////////////////////////////////
// Efinity Synthesis Started 
// Dec 29, 2025 14:07:54
///////////////////////////////////

[EFX-0011 VERI-WARNING] expression size 5 truncated to fit in target size 4 (VERI-1209) (C:\Users\Timothy Marchant\.efinity\project\PWM_IO_Expander\Shift_Register.v:63)
[EFX-0011 VERI-WARNING] expression size 5 truncated to fit in target size 4 (VERI-1209) (C:\Users\Timothy Marchant\.efinity\project\PWM_IO_Expander\SCLK_Counter.v:34)
[EFX-0011 VERI-WARNING] expression size 32 truncated to fit in target size 1 (VERI-1209) (C:\Users\Timothy Marchant\.efinity\project\PWM_IO_Expander\AddressableRegister.v:37)
[EFX-0011 VERI-WARNING] expression size 17 truncated to fit in target size 16 (VERI-1209) (C:\Users\Timothy Marchant\.efinity\project\PWM_IO_Expander\Timer.v:26)
[EFX-0011 VERI-WARNING] expression size 17 truncated to fit in target size 16 (VERI-1209) (C:\Users\Timothy Marchant\.efinity\project\PWM_IO_Expander\Timer.v:33)
[EFX-0011 VERI-WARNING] input port 'TXDataLine[7]' remains unconnected for this instance (VDB-1053) (C:\Users\Timothy Marchant\.efinity\project\PWM_IO_Expander\Main.v:32)
[EFX-0256 WARNING] The primary output port 'MISO' wire 'MISO' is not driven.
[EFX-0200 WARNING] Removing redundant signal : i[3]. (C:\Users\Timothy Marchant\.efinity\project\PWM_IO_Expander\Shift_Register.v:10)
[EFX-0200 WARNING] Removing redundant signal : i[2]. (C:\Users\Timothy Marchant\.efinity\project\PWM_IO_Expander\Shift_Register.v:10)
[EFX-0200 WARNING] Removing redundant signal : i[1]. (C:\Users\Timothy Marchant\.efinity\project\PWM_IO_Expander\Shift_Register.v:10)
[EFX-0200 WARNING] Removing redundant signal : i[0]. (C:\Users\Timothy Marchant\.efinity\project\PWM_IO_Expander\Shift_Register.v:10)
[EFX-0200 WARNING] Removing redundant signal : i[3]. (C:\Users\Timothy Marchant\.efinity\project\PWM_IO_Expander\Shift_Register.v:42)
[EFX-0200 WARNING] Removing redundant signal : i[2]. (C:\Users\Timothy Marchant\.efinity\project\PWM_IO_Expander\Shift_Register.v:42)
[EFX-0200 WARNING] Removing redundant signal : i[1]. (C:\Users\Timothy Marchant\.efinity\project\PWM_IO_Expander\Shift_Register.v:42)
[EFX-0200 WARNING] Removing redundant signal : i[0]. (C:\Users\Timothy Marchant\.efinity\project\PWM_IO_Expander\Shift_Register.v:42)
[EFX-0201 WARNING] Re-wiring to GND non-driven net 'spislave.TXDataLine[7]'. (C:\Users\Timothy Marchant\.efinity\project\PWM_IO_Expander\Main.v:32)
[EFX-0201 WARNING] Re-wiring to GND non-driven net 'spislave.TXDataLine[6]'. (C:\Users\Timothy Marchant\.efinity\project\PWM_IO_Expander\Main.v:32)
[EFX-0201 WARNING] Re-wiring to GND non-driven net 'spislave.TXDataLine[5]'. (C:\Users\Timothy Marchant\.efinity\project\PWM_IO_Expander\Main.v:32)
[EFX-0201 WARNING] Re-wiring to GND non-driven net 'spislave.TXDataLine[4]'. (C:\Users\Timothy Marchant\.efinity\project\PWM_IO_Expander\Main.v:32)
[EFX-0201 WARNING] Re-wiring to GND non-driven net 'spislave.TXDataLine[3]'. (C:\Users\Timothy Marchant\.efinity\project\PWM_IO_Expander\Main.v:32)
[EFX-0201 WARNING] Re-wiring to GND non-driven net 'spislave.TXDataLine[2]'. (C:\Users\Timothy Marchant\.efinity\project\PWM_IO_Expander\Main.v:32)
[EFX-0201 WARNING] Re-wiring to GND non-driven net 'spislave.TXDataLine[1]'. (C:\Users\Timothy Marchant\.efinity\project\PWM_IO_Expander\Main.v:32)
[EFX-0201 WARNING] Re-wiring to GND non-driven net 'spislave.TXDataLine[0]'. (C:\Users\Timothy Marchant\.efinity\project\PWM_IO_Expander\Main.v:32)
[EFX-0201 WARNING] Re-wiring to GND non-driven net 'MISO'. (C:\Users\Timothy Marchant\.efinity\project\PWM_IO_Expander\PWM_IO_Expander.v:10)
